  2024-06-25T22:38:06.153099Z  WARN yazi_adaptor::emulator: [Adaptor] No special environment variables detected
    at yazi-adaptor\src\emulator.rs:66

  2024-06-25T22:38:06.153159Z  WARN yazi_adaptor::emulator: [Adaptor] Unknown TERM_PROGRAM: 
    at yazi-adaptor\src\emulator.rs:80

  2024-06-25T22:38:06.153165Z  WARN yazi_adaptor::emulator: [Adaptor] Unknown TERM: 
    at yazi-adaptor\src\emulator.rs:87

  2024-06-25T22:38:06.153698Z  WARN yazi_adaptor::adaptor: [Adaptor] Could not identify XDG_SESSION_TYPE
    at yazi-adaptor\src\adaptor.rs:107

  2024-06-25T22:38:06.153731Z  WARN yazi_adaptor::adaptor: [Adaptor] Falling back to chafa
    at yazi-adaptor\src\adaptor.rs:119

  2024-06-25T22:38:06.154810Z  WARN yazi_adaptor::ueberzug: ueberzugpp spawning failed: program not found
    at yazi-adaptor\src\ueberzug.rs:84

  2024-06-25T22:38:21.454722Z  WARN yazi_adaptor::ueberzug: ueberzugpp spawning failed: program not found
    at yazi-adaptor\src\ueberzug.rs:84

  2024-06-25T22:38:22.461272Z  WARN yazi_adaptor::ueberzug: ueberzugpp spawning failed: program not found
    at yazi-adaptor\src\ueberzug.rs:84

  2024-06-25T22:38:22.462536Z  WARN yazi_adaptor::ueberzug: ueberzugpp spawning failed: program not found
    at yazi-adaptor\src\ueberzug.rs:84

  2024-06-25T22:38:23.432429Z  WARN yazi_adaptor::ueberzug: ueberzugpp spawning failed: program not found
    at yazi-adaptor\src\ueberzug.rs:84

  2024-06-25T22:38:23.433338Z  WARN yazi_adaptor::ueberzug: ueberzugpp spawning failed: program not found
    at yazi-adaptor\src\ueberzug.rs:84

  2024-06-25T22:38:24.043183Z  WARN yazi_adaptor::ueberzug: ueberzugpp spawning failed: program not found
    at yazi-adaptor\src\ueberzug.rs:84

  2024-06-25T22:38:24.044110Z  WARN yazi_adaptor::ueberzug: ueberzugpp spawning failed: program not found
    at yazi-adaptor\src\ueberzug.rs:84

  2024-06-25T22:38:24.941761Z  WARN yazi_adaptor::ueberzug: ueberzugpp spawning failed: program not found
    at yazi-adaptor\src\ueberzug.rs:84

  2024-06-25T22:38:24.942679Z  WARN yazi_adaptor::ueberzug: ueberzugpp spawning failed: program not found
    at yazi-adaptor\src\ueberzug.rs:84

  2024-06-25T22:38:25.888825Z  WARN yazi_adaptor::ueberzug: ueberzugpp spawning failed: program not found
    at yazi-adaptor\src\ueberzug.rs:84

  2024-06-25T22:38:25.889741Z  WARN yazi_adaptor::ueberzug: ueberzugpp spawning failed: program not found
    at yazi-adaptor\src\ueberzug.rs:84

  2024-06-25T22:38:26.181126Z  WARN yazi_adaptor::ueberzug: ueberzugpp spawning failed: program not found
    at yazi-adaptor\src\ueberzug.rs:84

  2024-06-25T22:38:26.182034Z  WARN yazi_adaptor::ueberzug: ueberzugpp spawning failed: program not found
    at yazi-adaptor\src\ueberzug.rs:84

  2024-06-25T22:38:26.678612Z  WARN yazi_adaptor::ueberzug: ueberzugpp spawning failed: program not found
    at yazi-adaptor\src\ueberzug.rs:84

  2024-06-25T22:38:26.679516Z  WARN yazi_adaptor::ueberzug: ueberzugpp spawning failed: program not found
    at yazi-adaptor\src\ueberzug.rs:84

  2024-06-25T22:38:26.882982Z  WARN yazi_adaptor::ueberzug: ueberzugpp spawning failed: program not found
    at yazi-adaptor\src\ueberzug.rs:84

  2024-06-25T22:38:26.883907Z  WARN yazi_adaptor::ueberzug: ueberzugpp spawning failed: program not found
    at yazi-adaptor\src\ueberzug.rs:84

  2024-06-25T22:38:27.065501Z  WARN yazi_adaptor::ueberzug: ueberzugpp spawning failed: program not found
    at yazi-adaptor\src\ueberzug.rs:84

  2024-06-25T22:38:27.066569Z  WARN yazi_adaptor::ueberzug: ueberzugpp spawning failed: program not found
    at yazi-adaptor\src\ueberzug.rs:84

  2024-06-25T22:38:27.298552Z  WARN yazi_adaptor::ueberzug: ueberzugpp spawning failed: program not found
    at yazi-adaptor\src\ueberzug.rs:84

  2024-06-25T22:38:27.299478Z  WARN yazi_adaptor::ueberzug: ueberzugpp spawning failed: program not found
    at yazi-adaptor\src\ueberzug.rs:84

  2024-06-25T22:38:27.454202Z  WARN yazi_adaptor::ueberzug: ueberzugpp spawning failed: program not found
    at yazi-adaptor\src\ueberzug.rs:84

  2024-06-25T22:38:27.455224Z  WARN yazi_adaptor::ueberzug: ueberzugpp spawning failed: program not found
    at yazi-adaptor\src\ueberzug.rs:84

  2024-06-25T22:38:27.739980Z  WARN yazi_adaptor::ueberzug: ueberzugpp spawning failed: program not found
    at yazi-adaptor\src\ueberzug.rs:84

  2024-06-25T22:38:27.740937Z  WARN yazi_adaptor::ueberzug: ueberzugpp spawning failed: program not found
    at yazi-adaptor\src\ueberzug.rs:84

  2024-06-25T22:38:27.905284Z  WARN yazi_adaptor::ueberzug: ueberzugpp spawning failed: program not found
    at yazi-adaptor\src\ueberzug.rs:84

  2024-06-25T22:38:28.878092Z  WARN yazi_adaptor::ueberzug: ueberzugpp spawning failed: program not found
    at yazi-adaptor\src\ueberzug.rs:84

  2024-06-25T22:38:29.509949Z  WARN yazi_adaptor::ueberzug: ueberzugpp spawning failed: program not found
    at yazi-adaptor\src\ueberzug.rs:84

  2024-06-25T22:38:32.684447Z  WARN yazi_adaptor::ueberzug: ueberzugpp spawning failed: program not found
    at yazi-adaptor\src\ueberzug.rs:84

  2024-06-25T22:38:32.962761Z  WARN yazi_adaptor::ueberzug: ueberzugpp spawning failed: program not found
    at yazi-adaptor\src\ueberzug.rs:84

  2024-06-25T22:38:32.963803Z  WARN yazi_adaptor::ueberzug: ueberzugpp spawning failed: program not found
    at yazi-adaptor\src\ueberzug.rs:84

  2024-06-25T22:38:33.281078Z  WARN yazi_adaptor::ueberzug: ueberzugpp spawning failed: program not found
    at yazi-adaptor\src\ueberzug.rs:84

  2024-06-25T22:38:33.281926Z  WARN yazi_adaptor::ueberzug: ueberzugpp spawning failed: program not found
    at yazi-adaptor\src\ueberzug.rs:84

  2024-06-25T22:38:33.555237Z  WARN yazi_adaptor::ueberzug: ueberzugpp spawning failed: program not found
    at yazi-adaptor\src\ueberzug.rs:84

  2024-06-25T22:38:33.556141Z  WARN yazi_adaptor::ueberzug: ueberzugpp spawning failed: program not found
    at yazi-adaptor\src\ueberzug.rs:84

  2024-06-25T22:38:33.741647Z  WARN yazi_adaptor::ueberzug: ueberzugpp spawning failed: program not found
    at yazi-adaptor\src\ueberzug.rs:84

  2024-06-25T22:38:33.742434Z  WARN yazi_adaptor::ueberzug: ueberzugpp spawning failed: program not found
    at yazi-adaptor\src\ueberzug.rs:84

  2024-06-25T22:38:42.896807Z  WARN yazi_adaptor::ueberzug: ueberzugpp spawning failed: program not found
    at yazi-adaptor\src\ueberzug.rs:84

  2024-06-25T22:38:43.959065Z  WARN yazi_adaptor::ueberzug: ueberzugpp spawning failed: program not found
    at yazi-adaptor\src\ueberzug.rs:84

  2024-06-25T22:38:46.366348Z  WARN yazi_adaptor::ueberzug: ueberzugpp spawning failed: program not found
    at yazi-adaptor\src\ueberzug.rs:84

  2024-06-25T22:38:46.997293Z  WARN yazi_adaptor::ueberzug: ueberzugpp spawning failed: program not found
    at yazi-adaptor\src\ueberzug.rs:84

  2024-06-25T22:38:47.504285Z  WARN yazi_adaptor::ueberzug: ueberzugpp spawning failed: program not found
    at yazi-adaptor\src\ueberzug.rs:84

  2024-06-25T22:38:51.636116Z  WARN yazi_adaptor::ueberzug: ueberzugpp spawning failed: program not found
    at yazi-adaptor\src\ueberzug.rs:84

  2024-06-25T22:38:56.726626Z  WARN yazi_adaptor::ueberzug: ueberzugpp spawning failed: program not found
    at yazi-adaptor\src\ueberzug.rs:84

  2024-06-25T22:38:58.428075Z  WARN yazi_adaptor::ueberzug: ueberzugpp spawning failed: program not found
    at yazi-adaptor\src\ueberzug.rs:84

  2024-06-25T22:38:59.115385Z  WARN yazi_adaptor::ueberzug: ueberzugpp spawning failed: program not found
    at yazi-adaptor\src\ueberzug.rs:84

  2024-06-25T22:38:59.879079Z  WARN yazi_adaptor::ueberzug: ueberzugpp spawning failed: program not found
    at yazi-adaptor\src\ueberzug.rs:84

  2024-06-25T22:39:00.351285Z  WARN yazi_adaptor::ueberzug: ueberzugpp spawning failed: program not found
    at yazi-adaptor\src\ueberzug.rs:84

  2024-06-25T22:39:04.405211Z  WARN yazi_adaptor::ueberzug: ueberzugpp spawning failed: program not found
    at yazi-adaptor\src\ueberzug.rs:84

  2024-06-25T22:39:04.933909Z  WARN yazi_adaptor::ueberzug: ueberzugpp spawning failed: program not found
    at yazi-adaptor\src\ueberzug.rs:84

  2024-06-25T22:39:05.380841Z  WARN yazi_adaptor::ueberzug: ueberzugpp spawning failed: program not found
    at yazi-adaptor\src\ueberzug.rs:84

  2024-06-25T22:39:05.650010Z  WARN yazi_adaptor::ueberzug: ueberzugpp spawning failed: program not found
    at yazi-adaptor\src\ueberzug.rs:84

  2024-06-25T22:39:05.859108Z  WARN yazi_adaptor::ueberzug: ueberzugpp spawning failed: program not found
    at yazi-adaptor\src\ueberzug.rs:84

  2024-06-25T22:39:06.055971Z  WARN yazi_adaptor::ueberzug: ueberzugpp spawning failed: program not found
    at yazi-adaptor\src\ueberzug.rs:84

  2024-06-25T22:39:06.502954Z  WARN yazi_adaptor::ueberzug: ueberzugpp spawning failed: program not found
    at yazi-adaptor\src\ueberzug.rs:84

  2024-06-25T22:39:06.881005Z  WARN yazi_adaptor::ueberzug: ueberzugpp spawning failed: program not found
    at yazi-adaptor\src\ueberzug.rs:84

  2024-06-25T22:39:07.510993Z  WARN yazi_adaptor::ueberzug: ueberzugpp spawning failed: program not found
    at yazi-adaptor\src\ueberzug.rs:84

  2024-06-25T22:39:07.985185Z  WARN yazi_adaptor::ueberzug: ueberzugpp spawning failed: program not found
    at yazi-adaptor\src\ueberzug.rs:84

  2024-06-25T22:39:08.212358Z  WARN yazi_adaptor::ueberzug: ueberzugpp spawning failed: program not found
    at yazi-adaptor\src\ueberzug.rs:84

  2024-06-25T22:39:08.591269Z  WARN yazi_adaptor::ueberzug: ueberzugpp spawning failed: program not found
    at yazi-adaptor\src\ueberzug.rs:84

  2024-06-25T22:39:09.097337Z  WARN yazi_adaptor::ueberzug: ueberzugpp spawning failed: program not found
    at yazi-adaptor\src\ueberzug.rs:84

  2024-06-25T22:39:09.128146Z  WARN yazi_adaptor::ueberzug: ueberzugpp spawning failed: program not found
    at yazi-adaptor\src\ueberzug.rs:84

  2024-06-25T22:39:09.159167Z  WARN yazi_adaptor::ueberzug: ueberzugpp spawning failed: program not found
    at yazi-adaptor\src\ueberzug.rs:84

  2024-06-25T22:39:09.190146Z  WARN yazi_adaptor::ueberzug: ueberzugpp spawning failed: program not found
    at yazi-adaptor\src\ueberzug.rs:84

  2024-06-25T22:39:09.237829Z  WARN yazi_adaptor::ueberzug: ueberzugpp spawning failed: program not found
    at yazi-adaptor\src\ueberzug.rs:84

  2024-06-25T22:39:09.269960Z  WARN yazi_adaptor::ueberzug: ueberzugpp spawning failed: program not found
    at yazi-adaptor\src\ueberzug.rs:84

  2024-06-25T22:39:09.299904Z  WARN yazi_adaptor::ueberzug: ueberzugpp spawning failed: program not found
    at yazi-adaptor\src\ueberzug.rs:84

  2024-06-25T22:39:09.331192Z  WARN yazi_adaptor::ueberzug: ueberzugpp spawning failed: program not found
    at yazi-adaptor\src\ueberzug.rs:84

  2024-06-25T22:39:09.363183Z  WARN yazi_adaptor::ueberzug: ueberzugpp spawning failed: program not found
    at yazi-adaptor\src\ueberzug.rs:84

  2024-06-25T22:39:09.393565Z  WARN yazi_adaptor::ueberzug: ueberzugpp spawning failed: program not found
    at yazi-adaptor\src\ueberzug.rs:84

  2024-06-25T22:39:09.424001Z  WARN yazi_adaptor::ueberzug: ueberzugpp spawning failed: program not found
    at yazi-adaptor\src\ueberzug.rs:84

  2024-06-25T22:39:09.458973Z  WARN yazi_adaptor::ueberzug: ueberzugpp spawning failed: program not found
    at yazi-adaptor\src\ueberzug.rs:84

  2024-06-25T22:39:09.490662Z  WARN yazi_adaptor::ueberzug: ueberzugpp spawning failed: program not found
    at yazi-adaptor\src\ueberzug.rs:84

  2024-06-25T22:39:09.523377Z  WARN yazi_adaptor::ueberzug: ueberzugpp spawning failed: program not found
    at yazi-adaptor\src\ueberzug.rs:84

  2024-06-25T22:39:09.785958Z  WARN yazi_adaptor::ueberzug: ueberzugpp spawning failed: program not found
    at yazi-adaptor\src\ueberzug.rs:84

  2024-06-25T22:39:10.200801Z  WARN yazi_adaptor::ueberzug: ueberzugpp spawning failed: program not found
    at yazi-adaptor\src\ueberzug.rs:84

  2024-06-25T22:39:10.689979Z  WARN yazi_adaptor::ueberzug: ueberzugpp spawning failed: program not found
    at yazi-adaptor\src\ueberzug.rs:84

  2024-06-25T22:39:10.721681Z  WARN yazi_adaptor::ueberzug: ueberzugpp spawning failed: program not found
    at yazi-adaptor\src\ueberzug.rs:84

  2024-06-25T22:39:10.768667Z  WARN yazi_adaptor::ueberzug: ueberzugpp spawning failed: program not found
    at yazi-adaptor\src\ueberzug.rs:84

  2024-06-25T22:39:10.800185Z  WARN yazi_adaptor::ueberzug: ueberzugpp spawning failed: program not found
    at yazi-adaptor\src\ueberzug.rs:84

  2024-06-25T22:39:10.832670Z  WARN yazi_adaptor::ueberzug: ueberzugpp spawning failed: program not found
    at yazi-adaptor\src\ueberzug.rs:84

  2024-06-25T22:39:10.863284Z  WARN yazi_adaptor::ueberzug: ueberzugpp spawning failed: program not found
    at yazi-adaptor\src\ueberzug.rs:84

  2024-06-25T22:39:10.893809Z  WARN yazi_adaptor::ueberzug: ueberzugpp spawning failed: program not found
    at yazi-adaptor\src\ueberzug.rs:84

  2024-06-25T22:39:10.925181Z  WARN yazi_adaptor::ueberzug: ueberzugpp spawning failed: program not found
    at yazi-adaptor\src\ueberzug.rs:84

  2024-06-25T22:39:10.956413Z  WARN yazi_adaptor::ueberzug: ueberzugpp spawning failed: program not found
    at yazi-adaptor\src\ueberzug.rs:84

  2024-06-25T22:39:10.987580Z  WARN yazi_adaptor::ueberzug: ueberzugpp spawning failed: program not found
    at yazi-adaptor\src\ueberzug.rs:84

  2024-06-25T22:39:11.019035Z  WARN yazi_adaptor::ueberzug: ueberzugpp spawning failed: program not found
    at yazi-adaptor\src\ueberzug.rs:84

  2024-06-25T22:39:11.066014Z  WARN yazi_adaptor::ueberzug: ueberzugpp spawning failed: program not found
    at yazi-adaptor\src\ueberzug.rs:84

  2024-06-25T22:39:11.098434Z  WARN yazi_adaptor::ueberzug: ueberzugpp spawning failed: program not found
    at yazi-adaptor\src\ueberzug.rs:84

  2024-06-25T22:39:11.129945Z  WARN yazi_adaptor::ueberzug: ueberzugpp spawning failed: program not found
    at yazi-adaptor\src\ueberzug.rs:84

  2024-06-25T22:39:11.160516Z  WARN yazi_adaptor::ueberzug: ueberzugpp spawning failed: program not found
    at yazi-adaptor\src\ueberzug.rs:84

  2024-06-25T22:39:11.191797Z  WARN yazi_adaptor::ueberzug: ueberzugpp spawning failed: program not found
    at yazi-adaptor\src\ueberzug.rs:84

  2024-06-25T22:39:11.223423Z  WARN yazi_adaptor::ueberzug: ueberzugpp spawning failed: program not found
    at yazi-adaptor\src\ueberzug.rs:84

  2024-06-25T22:39:11.254629Z  WARN yazi_adaptor::ueberzug: ueberzugpp spawning failed: program not found
    at yazi-adaptor\src\ueberzug.rs:84

  2024-06-25T22:39:11.586755Z  WARN yazi_adaptor::ueberzug: ueberzugpp spawning failed: program not found
    at yazi-adaptor\src\ueberzug.rs:84

  2024-06-25T22:39:12.370756Z  WARN yazi_adaptor::ueberzug: ueberzugpp spawning failed: program not found
    at yazi-adaptor\src\ueberzug.rs:84

  2024-06-25T22:39:13.114777Z  WARN yazi_adaptor::ueberzug: ueberzugpp spawning failed: program not found
    at yazi-adaptor\src\ueberzug.rs:84

  2024-06-25T22:39:13.369846Z  WARN yazi_adaptor::ueberzug: ueberzugpp spawning failed: program not found
    at yazi-adaptor\src\ueberzug.rs:84

  2024-06-25T22:39:13.584886Z  WARN yazi_adaptor::ueberzug: ueberzugpp spawning failed: program not found
    at yazi-adaptor\src\ueberzug.rs:84

  2024-06-25T22:39:14.159107Z  WARN yazi_adaptor::ueberzug: ueberzugpp spawning failed: program not found
    at yazi-adaptor\src\ueberzug.rs:84

  2024-06-25T22:39:14.500507Z  WARN yazi_adaptor::ueberzug: ueberzugpp spawning failed: program not found
    at yazi-adaptor\src\ueberzug.rs:84

  2024-06-25T22:39:15.021074Z  WARN yazi_adaptor::ueberzug: ueberzugpp spawning failed: program not found
    at yazi-adaptor\src\ueberzug.rs:84

  2024-06-25T22:39:15.550042Z  WARN yazi_adaptor::ueberzug: ueberzugpp spawning failed: program not found
    at yazi-adaptor\src\ueberzug.rs:84

  2024-06-25T22:39:15.877420Z  WARN yazi_adaptor::ueberzug: ueberzugpp spawning failed: program not found
    at yazi-adaptor\src\ueberzug.rs:84

  2024-06-25T22:39:16.123954Z  WARN yazi_adaptor::ueberzug: ueberzugpp spawning failed: program not found
    at yazi-adaptor\src\ueberzug.rs:84

  2024-06-25T22:39:16.361100Z  WARN yazi_adaptor::ueberzug: ueberzugpp spawning failed: program not found
    at yazi-adaptor\src\ueberzug.rs:84

  2024-06-25T22:39:16.626495Z  WARN yazi_adaptor::ueberzug: ueberzugpp spawning failed: program not found
    at yazi-adaptor\src\ueberzug.rs:84

  2024-06-25T22:39:17.118706Z  WARN yazi_adaptor::ueberzug: ueberzugpp spawning failed: program not found
    at yazi-adaptor\src\ueberzug.rs:84

  2024-06-25T22:39:17.150004Z  WARN yazi_adaptor::ueberzug: ueberzugpp spawning failed: program not found
    at yazi-adaptor\src\ueberzug.rs:84

  2024-06-25T22:39:17.181756Z  WARN yazi_adaptor::ueberzug: ueberzugpp spawning failed: program not found
    at yazi-adaptor\src\ueberzug.rs:84

  2024-06-25T22:39:17.212138Z  WARN yazi_adaptor::ueberzug: ueberzugpp spawning failed: program not found
    at yazi-adaptor\src\ueberzug.rs:84

  2024-06-25T22:39:17.259190Z  WARN yazi_adaptor::ueberzug: ueberzugpp spawning failed: program not found
    at yazi-adaptor\src\ueberzug.rs:84

  2024-06-25T22:39:17.291066Z  WARN yazi_adaptor::ueberzug: ueberzugpp spawning failed: program not found
    at yazi-adaptor\src\ueberzug.rs:84

  2024-06-25T22:39:17.322739Z  WARN yazi_adaptor::ueberzug: ueberzugpp spawning failed: program not found
    at yazi-adaptor\src\ueberzug.rs:84

  2024-06-25T22:39:17.354933Z  WARN yazi_adaptor::ueberzug: ueberzugpp spawning failed: program not found
    at yazi-adaptor\src\ueberzug.rs:84

  2024-06-25T22:39:17.385936Z  WARN yazi_adaptor::ueberzug: ueberzugpp spawning failed: program not found
    at yazi-adaptor\src\ueberzug.rs:84

  2024-06-25T22:39:17.416991Z  WARN yazi_adaptor::ueberzug: ueberzugpp spawning failed: program not found
    at yazi-adaptor\src\ueberzug.rs:84

  2024-06-25T22:39:17.448964Z  WARN yazi_adaptor::ueberzug: ueberzugpp spawning failed: program not found
    at yazi-adaptor\src\ueberzug.rs:84

  2024-06-25T22:39:17.479164Z  WARN yazi_adaptor::ueberzug: ueberzugpp spawning failed: program not found
    at yazi-adaptor\src\ueberzug.rs:84

  2024-06-25T22:39:17.510323Z  WARN yazi_adaptor::ueberzug: ueberzugpp spawning failed: program not found
    at yazi-adaptor\src\ueberzug.rs:84

  2024-06-25T22:39:17.541304Z  WARN yazi_adaptor::ueberzug: ueberzugpp spawning failed: program not found
    at yazi-adaptor\src\ueberzug.rs:84

  2024-06-25T22:39:17.966011Z  WARN yazi_adaptor::ueberzug: ueberzugpp spawning failed: program not found
    at yazi-adaptor\src\ueberzug.rs:84

  2024-06-25T22:39:18.244303Z  WARN yazi_adaptor::ueberzug: ueberzugpp spawning failed: program not found
    at yazi-adaptor\src\ueberzug.rs:84

  2024-06-25T22:39:18.517473Z  WARN yazi_adaptor::ueberzug: ueberzugpp spawning failed: program not found
    at yazi-adaptor\src\ueberzug.rs:84

  2024-06-25T22:39:18.740537Z  WARN yazi_adaptor::ueberzug: ueberzugpp spawning failed: program not found
    at yazi-adaptor\src\ueberzug.rs:84

  2024-06-25T22:39:18.982314Z  WARN yazi_adaptor::ueberzug: ueberzugpp spawning failed: program not found
    at yazi-adaptor\src\ueberzug.rs:84

  2024-06-25T22:39:19.201897Z  WARN yazi_adaptor::ueberzug: ueberzugpp spawning failed: program not found
    at yazi-adaptor\src\ueberzug.rs:84

  2024-06-25T22:39:19.724012Z  WARN yazi_adaptor::ueberzug: ueberzugpp spawning failed: program not found
    at yazi-adaptor\src\ueberzug.rs:84

  2024-06-25T22:39:20.237441Z  WARN yazi_adaptor::ueberzug: ueberzugpp spawning failed: program not found
    at yazi-adaptor\src\ueberzug.rs:84

  2024-06-25T22:39:20.238336Z  WARN yazi_adaptor::ueberzug: ueberzugpp spawning failed: program not found
    at yazi-adaptor\src\ueberzug.rs:84

  2024-06-25T22:39:23.515361Z  WARN yazi_adaptor::ueberzug: ueberzugpp spawning failed: program not found
    at yazi-adaptor\src\ueberzug.rs:84

  2024-06-25T22:39:23.516272Z  WARN yazi_adaptor::ueberzug: ueberzugpp spawning failed: program not found
    at yazi-adaptor\src\ueberzug.rs:84

  2024-06-25T22:39:24.103201Z  WARN yazi_adaptor::ueberzug: ueberzugpp spawning failed: program not found
    at yazi-adaptor\src\ueberzug.rs:84

  2024-06-25T22:39:24.104199Z  WARN yazi_adaptor::ueberzug: ueberzugpp spawning failed: program not found
    at yazi-adaptor\src\ueberzug.rs:84

  2024-06-25T22:39:24.391638Z  WARN yazi_adaptor::ueberzug: ueberzugpp spawning failed: program not found
    at yazi-adaptor\src\ueberzug.rs:84

  2024-06-25T22:39:24.392565Z  WARN yazi_adaptor::ueberzug: ueberzugpp spawning failed: program not found
    at yazi-adaptor\src\ueberzug.rs:84

  2024-06-25T22:39:24.914846Z  WARN yazi_adaptor::ueberzug: ueberzugpp spawning failed: program not found
    at yazi-adaptor\src\ueberzug.rs:84

  2024-06-25T22:39:24.915735Z  WARN yazi_adaptor::ueberzug: ueberzugpp spawning failed: program not found
    at yazi-adaptor\src\ueberzug.rs:84

  2024-06-25T22:39:25.219690Z  WARN yazi_adaptor::ueberzug: ueberzugpp spawning failed: program not found
    at yazi-adaptor\src\ueberzug.rs:84

  2024-06-25T22:39:25.220607Z  WARN yazi_adaptor::ueberzug: ueberzugpp spawning failed: program not found
    at yazi-adaptor\src\ueberzug.rs:84

  2024-06-25T22:39:26.555451Z  WARN yazi_adaptor::ueberzug: ueberzugpp spawning failed: program not found
    at yazi-adaptor\src\ueberzug.rs:84

  2024-06-25T22:39:26.556350Z  WARN yazi_adaptor::ueberzug: ueberzugpp spawning failed: program not found
    at yazi-adaptor\src\ueberzug.rs:84

  2024-06-25T22:39:27.267132Z  WARN yazi_adaptor::ueberzug: ueberzugpp spawning failed: program not found
    at yazi-adaptor\src\ueberzug.rs:84

  2024-06-25T22:39:27.268023Z  WARN yazi_adaptor::ueberzug: ueberzugpp spawning failed: program not found
    at yazi-adaptor\src\ueberzug.rs:84

  2024-06-25T22:39:27.513816Z  WARN yazi_adaptor::ueberzug: ueberzugpp spawning failed: program not found
    at yazi-adaptor\src\ueberzug.rs:84

  2024-06-25T22:39:27.514755Z  WARN yazi_adaptor::ueberzug: ueberzugpp spawning failed: program not found
    at yazi-adaptor\src\ueberzug.rs:84

  2024-06-25T22:39:27.686861Z  WARN yazi_adaptor::ueberzug: ueberzugpp spawning failed: program not found
    at yazi-adaptor\src\ueberzug.rs:84

  2024-06-25T22:39:29.917973Z  WARN yazi_adaptor::ueberzug: ueberzugpp spawning failed: program not found
    at yazi-adaptor\src\ueberzug.rs:84

  2024-06-25T22:39:30.042420Z  WARN yazi_adaptor::ueberzug: ueberzugpp spawning failed: program not found
    at yazi-adaptor\src\ueberzug.rs:84

  2024-06-25T22:39:30.131456Z  WARN yazi_adaptor::ueberzug: ueberzugpp spawning failed: program not found
    at yazi-adaptor\src\ueberzug.rs:84

  2024-06-25T22:39:30.132691Z  WARN yazi_adaptor::ueberzug: ueberzugpp spawning failed: program not found
    at yazi-adaptor\src\ueberzug.rs:84

  2024-06-25T22:39:30.755554Z  WARN yazi_adaptor::ueberzug: ueberzugpp spawning failed: program not found
    at yazi-adaptor\src\ueberzug.rs:84

  2024-06-25T22:39:30.756377Z  WARN yazi_adaptor::ueberzug: ueberzugpp spawning failed: program not found
    at yazi-adaptor\src\ueberzug.rs:84

  2024-06-25T22:39:31.294070Z  WARN yazi_adaptor::ueberzug: ueberzugpp spawning failed: program not found
    at yazi-adaptor\src\ueberzug.rs:84

  2024-06-25T22:39:31.294972Z  WARN yazi_adaptor::ueberzug: ueberzugpp spawning failed: program not found
    at yazi-adaptor\src\ueberzug.rs:84

  2024-06-25T22:39:32.593431Z  WARN yazi_adaptor::ueberzug: ueberzugpp spawning failed: program not found
    at yazi-adaptor\src\ueberzug.rs:84

  2024-06-25T22:39:34.294092Z  WARN yazi_adaptor::ueberzug: ueberzugpp spawning failed: program not found
    at yazi-adaptor\src\ueberzug.rs:84

  2024-06-25T22:39:34.435885Z  WARN yazi_adaptor::ueberzug: ueberzugpp spawning failed: program not found
    at yazi-adaptor\src\ueberzug.rs:84

  2024-06-25T22:39:34.499902Z  WARN yazi_adaptor::ueberzug: ueberzugpp spawning failed: program not found
    at yazi-adaptor\src\ueberzug.rs:84

  2024-06-25T22:39:34.500721Z  WARN yazi_adaptor::ueberzug: ueberzugpp spawning failed: program not found
    at yazi-adaptor\src\ueberzug.rs:84

  2024-06-25T22:39:34.912697Z  WARN yazi_adaptor::ueberzug: ueberzugpp spawning failed: program not found
    at yazi-adaptor\src\ueberzug.rs:84

  2024-06-25T22:39:34.913608Z  WARN yazi_adaptor::ueberzug: ueberzugpp spawning failed: program not found
    at yazi-adaptor\src\ueberzug.rs:84

  2024-06-25T22:39:35.300767Z  WARN yazi_adaptor::ueberzug: ueberzugpp spawning failed: program not found
    at yazi-adaptor\src\ueberzug.rs:84

  2024-06-25T22:39:35.301676Z  WARN yazi_adaptor::ueberzug: ueberzugpp spawning failed: program not found
    at yazi-adaptor\src\ueberzug.rs:84

  2024-06-25T22:39:35.500696Z  WARN yazi_adaptor::ueberzug: ueberzugpp spawning failed: program not found
    at yazi-adaptor\src\ueberzug.rs:84

  2024-06-25T22:39:35.501569Z  WARN yazi_adaptor::ueberzug: ueberzugpp spawning failed: program not found
    at yazi-adaptor\src\ueberzug.rs:84

  2024-06-25T22:39:36.184660Z  WARN yazi_adaptor::ueberzug: ueberzugpp spawning failed: program not found
    at yazi-adaptor\src\ueberzug.rs:84

  2024-06-25T22:39:36.185832Z  WARN yazi_adaptor::ueberzug: ueberzugpp spawning failed: program not found
    at yazi-adaptor\src\ueberzug.rs:84

  2024-06-25T22:39:37.593543Z  WARN yazi_adaptor::ueberzug: ueberzugpp spawning failed: program not found
    at yazi-adaptor\src\ueberzug.rs:84

  2024-06-25T22:39:37.594477Z  WARN yazi_adaptor::ueberzug: ueberzugpp spawning failed: program not found
    at yazi-adaptor\src\ueberzug.rs:84

  2024-06-25T22:39:38.222947Z  WARN yazi_adaptor::ueberzug: ueberzugpp spawning failed: program not found
    at yazi-adaptor\src\ueberzug.rs:84

  2024-06-25T22:39:38.224193Z  WARN yazi_adaptor::ueberzug: ueberzugpp spawning failed: program not found
    at yazi-adaptor\src\ueberzug.rs:84

  2024-06-25T22:39:39.276317Z  WARN yazi_adaptor::ueberzug: ueberzugpp spawning failed: program not found
    at yazi-adaptor\src\ueberzug.rs:84

  2024-06-25T22:39:39.277215Z  WARN yazi_adaptor::ueberzug: ueberzugpp spawning failed: program not found
    at yazi-adaptor\src\ueberzug.rs:84

  2024-06-25T22:39:39.777447Z  WARN yazi_adaptor::ueberzug: ueberzugpp spawning failed: program not found
    at yazi-adaptor\src\ueberzug.rs:84

  2024-06-25T22:39:39.778349Z  WARN yazi_adaptor::ueberzug: ueberzugpp spawning failed: program not found
    at yazi-adaptor\src\ueberzug.rs:84

  2024-06-25T22:39:41.911645Z  WARN yazi_adaptor::ueberzug: ueberzugpp spawning failed: program not found
    at yazi-adaptor\src\ueberzug.rs:84

  2024-06-25T22:39:41.912503Z  WARN yazi_adaptor::ueberzug: ueberzugpp spawning failed: program not found
    at yazi-adaptor\src\ueberzug.rs:84

  2024-06-25T22:39:42.153421Z  WARN yazi_adaptor::ueberzug: ueberzugpp spawning failed: program not found
    at yazi-adaptor\src\ueberzug.rs:84

  2024-06-25T22:39:42.154325Z  WARN yazi_adaptor::ueberzug: ueberzugpp spawning failed: program not found
    at yazi-adaptor\src\ueberzug.rs:84

  2024-06-25T22:39:42.842456Z  WARN yazi_adaptor::ueberzug: ueberzugpp spawning failed: program not found
    at yazi-adaptor\src\ueberzug.rs:84

  2024-06-25T22:39:44.169776Z  WARN yazi_adaptor::ueberzug: ueberzugpp spawning failed: program not found
    at yazi-adaptor\src\ueberzug.rs:84

  2024-06-25T22:39:44.311428Z  WARN yazi_adaptor::ueberzug: ueberzugpp spawning failed: program not found
    at yazi-adaptor\src\ueberzug.rs:84

  2024-06-25T22:39:44.371344Z  WARN yazi_adaptor::ueberzug: ueberzugpp spawning failed: program not found
    at yazi-adaptor\src\ueberzug.rs:84

  2024-06-25T22:39:44.372222Z  WARN yazi_adaptor::ueberzug: ueberzugpp spawning failed: program not found
    at yazi-adaptor\src\ueberzug.rs:84

  2024-06-25T22:39:44.734631Z  WARN yazi_adaptor::ueberzug: ueberzugpp spawning failed: program not found
    at yazi-adaptor\src\ueberzug.rs:84

  2024-06-25T22:39:44.735537Z  WARN yazi_adaptor::ueberzug: ueberzugpp spawning failed: program not found
    at yazi-adaptor\src\ueberzug.rs:84

  2024-06-25T22:39:44.939461Z  WARN yazi_adaptor::ueberzug: ueberzugpp spawning failed: program not found
    at yazi-adaptor\src\ueberzug.rs:84

  2024-06-25T22:39:44.940366Z  WARN yazi_adaptor::ueberzug: ueberzugpp spawning failed: program not found
    at yazi-adaptor\src\ueberzug.rs:84

  2024-06-25T22:39:45.122470Z  WARN yazi_adaptor::ueberzug: ueberzugpp spawning failed: program not found
    at yazi-adaptor\src\ueberzug.rs:84

  2024-06-25T22:39:45.123381Z  WARN yazi_adaptor::ueberzug: ueberzugpp spawning failed: program not found
    at yazi-adaptor\src\ueberzug.rs:84

  2024-06-25T22:39:45.299839Z  WARN yazi_adaptor::ueberzug: ueberzugpp spawning failed: program not found
    at yazi-adaptor\src\ueberzug.rs:84

  2024-06-25T22:39:46.494405Z  WARN yazi_adaptor::ueberzug: ueberzugpp spawning failed: program not found
    at yazi-adaptor\src\ueberzug.rs:84

  2024-06-25T22:39:46.722903Z  WARN yazi_adaptor::ueberzug: ueberzugpp spawning failed: program not found
    at yazi-adaptor\src\ueberzug.rs:84

  2024-06-25T22:39:46.723904Z  WARN yazi_adaptor::ueberzug: ueberzugpp spawning failed: program not found
    at yazi-adaptor\src\ueberzug.rs:84

  2024-06-25T22:39:47.073830Z  WARN yazi_adaptor::ueberzug: ueberzugpp spawning failed: program not found
    at yazi-adaptor\src\ueberzug.rs:84

  2024-06-25T22:39:47.939621Z  WARN yazi_adaptor::ueberzug: ueberzugpp spawning failed: program not found
    at yazi-adaptor\src\ueberzug.rs:84

  2024-06-25T22:39:48.189264Z  WARN yazi_adaptor::ueberzug: ueberzugpp spawning failed: program not found
    at yazi-adaptor\src\ueberzug.rs:84

  2024-06-25T22:39:48.190186Z  WARN yazi_adaptor::ueberzug: ueberzugpp spawning failed: program not found
    at yazi-adaptor\src\ueberzug.rs:84

  2024-06-25T22:39:48.631926Z  WARN yazi_adaptor::ueberzug: ueberzugpp spawning failed: program not found
    at yazi-adaptor\src\ueberzug.rs:84

  2024-06-25T22:39:48.632837Z  WARN yazi_adaptor::ueberzug: ueberzugpp spawning failed: program not found
    at yazi-adaptor\src\ueberzug.rs:84

  2024-06-25T22:39:48.932041Z  WARN yazi_adaptor::ueberzug: ueberzugpp spawning failed: program not found
    at yazi-adaptor\src\ueberzug.rs:84

  2024-06-25T22:39:48.933077Z  WARN yazi_adaptor::ueberzug: ueberzugpp spawning failed: program not found
    at yazi-adaptor\src\ueberzug.rs:84

  2024-06-25T22:39:49.265683Z  WARN yazi_adaptor::ueberzug: ueberzugpp spawning failed: program not found
    at yazi-adaptor\src\ueberzug.rs:84

  2024-06-25T22:39:49.266795Z  WARN yazi_adaptor::ueberzug: ueberzugpp spawning failed: program not found
    at yazi-adaptor\src\ueberzug.rs:84

  2024-06-25T22:39:49.464765Z  WARN yazi_adaptor::ueberzug: ueberzugpp spawning failed: program not found
    at yazi-adaptor\src\ueberzug.rs:84

  2024-06-25T22:39:49.465717Z  WARN yazi_adaptor::ueberzug: ueberzugpp spawning failed: program not found
    at yazi-adaptor\src\ueberzug.rs:84

  2024-06-25T22:39:49.610390Z  WARN yazi_adaptor::ueberzug: ueberzugpp spawning failed: program not found
    at yazi-adaptor\src\ueberzug.rs:84

  2024-06-25T22:39:49.611264Z  WARN yazi_adaptor::ueberzug: ueberzugpp spawning failed: program not found
    at yazi-adaptor\src\ueberzug.rs:84

  2024-06-25T22:39:49.742587Z  WARN yazi_adaptor::ueberzug: ueberzugpp spawning failed: program not found
    at yazi-adaptor\src\ueberzug.rs:84

  2024-06-25T22:40:10.945401Z  WARN yazi_adaptor::ueberzug: ueberzugpp spawning failed: program not found
    at yazi-adaptor\src\ueberzug.rs:84

  2024-06-25T22:40:11.146042Z  WARN yazi_adaptor::ueberzug: ueberzugpp spawning failed: program not found
    at yazi-adaptor\src\ueberzug.rs:84

  2024-06-25T22:40:11.146954Z  WARN yazi_adaptor::ueberzug: ueberzugpp spawning failed: program not found
    at yazi-adaptor\src\ueberzug.rs:84

  2024-06-25T22:40:11.374818Z  WARN yazi_adaptor::ueberzug: ueberzugpp spawning failed: program not found
    at yazi-adaptor\src\ueberzug.rs:84

  2024-06-25T22:40:11.543644Z  WARN yazi_adaptor::ueberzug: ueberzugpp spawning failed: program not found
    at yazi-adaptor\src\ueberzug.rs:84

  2024-06-25T22:40:12.432473Z  WARN yazi_adaptor::ueberzug: ueberzugpp spawning failed: program not found
    at yazi-adaptor\src\ueberzug.rs:84

  2024-06-25T22:40:13.705483Z  WARN yazi_adaptor::ueberzug: ueberzugpp spawning failed: program not found
    at yazi-adaptor\src\ueberzug.rs:84

  2024-06-25T22:40:15.928840Z  WARN yazi_adaptor::ueberzug: ueberzugpp spawning failed: program not found
    at yazi-adaptor\src\ueberzug.rs:84

  2024-06-25T22:40:15.931589Z  WARN yazi_adaptor::ueberzug: ueberzugpp spawning failed: program not found
    at yazi-adaptor\src\ueberzug.rs:84

  2024-06-25T22:40:19.202962Z  WARN yazi_adaptor::ueberzug: ueberzugpp spawning failed: program not found
    at yazi-adaptor\src\ueberzug.rs:84

  2024-06-25T22:40:26.916073Z  WARN yazi_adaptor::ueberzug: ueberzugpp spawning failed: program not found
    at yazi-adaptor\src\ueberzug.rs:84

  2024-06-25T22:40:27.084378Z  WARN yazi_adaptor::ueberzug: ueberzugpp spawning failed: program not found
    at yazi-adaptor\src\ueberzug.rs:84

  2024-06-25T22:40:27.085747Z  WARN yazi_adaptor::ueberzug: ueberzugpp spawning failed: program not found
    at yazi-adaptor\src\ueberzug.rs:84

  2024-06-25T22:40:27.608631Z  WARN yazi_adaptor::ueberzug: ueberzugpp spawning failed: program not found
    at yazi-adaptor\src\ueberzug.rs:84

  2024-06-25T22:40:27.609913Z  WARN yazi_adaptor::ueberzug: ueberzugpp spawning failed: program not found
    at yazi-adaptor\src\ueberzug.rs:84

  2024-06-25T22:40:27.924932Z  WARN yazi_adaptor::ueberzug: ueberzugpp spawning failed: program not found
    at yazi-adaptor\src\ueberzug.rs:84

  2024-06-25T22:40:31.376925Z  WARN yazi_adaptor::ueberzug: ueberzugpp spawning failed: program not found
    at yazi-adaptor\src\ueberzug.rs:84

  2024-06-25T22:40:32.182245Z  WARN yazi_adaptor::ueberzug: ueberzugpp spawning failed: program not found
    at yazi-adaptor\src\ueberzug.rs:84

  2024-06-25T22:40:32.388345Z  WARN yazi_adaptor::ueberzug: ueberzugpp spawning failed: program not found
    at yazi-adaptor\src\ueberzug.rs:84

  2024-06-25T22:41:02.496138Z  WARN yazi_adaptor::ueberzug: ueberzugpp spawning failed: program not found
    at yazi-adaptor\src\ueberzug.rs:84

  2024-06-25T22:41:02.498794Z  WARN yazi_adaptor::ueberzug: ueberzugpp spawning failed: program not found
    at yazi-adaptor\src\ueberzug.rs:84

  2024-06-25T22:43:57.021018Z  WARN yazi_adaptor::emulator: [Adaptor] No special environment variables detected
    at yazi-adaptor\src\emulator.rs:66

  2024-06-25T22:43:57.021047Z  WARN yazi_adaptor::emulator: [Adaptor] Unknown TERM_PROGRAM: 
    at yazi-adaptor\src\emulator.rs:80

  2024-06-25T22:43:57.021051Z  WARN yazi_adaptor::emulator: [Adaptor] Unknown TERM: 
    at yazi-adaptor\src\emulator.rs:87

  2024-06-25T22:43:57.021538Z  WARN yazi_adaptor::adaptor: [Adaptor] Could not identify XDG_SESSION_TYPE
    at yazi-adaptor\src\adaptor.rs:107

  2024-06-25T22:43:57.021564Z  WARN yazi_adaptor::adaptor: [Adaptor] Falling back to chafa
    at yazi-adaptor\src\adaptor.rs:119

  2024-06-25T22:43:57.022553Z  WARN yazi_adaptor::ueberzug: ueberzugpp spawning failed: program not found
    at yazi-adaptor\src\ueberzug.rs:84

  2024-06-25T22:44:04.749994Z  WARN yazi_adaptor::ueberzug: ueberzugpp spawning failed: program not found
    at yazi-adaptor\src\ueberzug.rs:84

  2024-06-25T22:44:04.954296Z  WARN yazi_adaptor::ueberzug: ueberzugpp spawning failed: program not found
    at yazi-adaptor\src\ueberzug.rs:84

  2024-06-25T22:44:04.955238Z  WARN yazi_adaptor::ueberzug: ueberzugpp spawning failed: program not found
    at yazi-adaptor\src\ueberzug.rs:84

  2024-06-25T22:44:05.136976Z  WARN yazi_adaptor::ueberzug: ueberzugpp spawning failed: program not found
    at yazi-adaptor\src\ueberzug.rs:84

  2024-06-25T22:44:05.137884Z  WARN yazi_adaptor::ueberzug: ueberzugpp spawning failed: program not found
    at yazi-adaptor\src\ueberzug.rs:84

  2024-06-25T22:44:05.286360Z  WARN yazi_adaptor::ueberzug: ueberzugpp spawning failed: program not found
    at yazi-adaptor\src\ueberzug.rs:84

  2024-06-25T22:44:05.287276Z  WARN yazi_adaptor::ueberzug: ueberzugpp spawning failed: program not found
    at yazi-adaptor\src\ueberzug.rs:84

  2024-06-25T22:44:05.423505Z  WARN yazi_adaptor::ueberzug: ueberzugpp spawning failed: program not found
    at yazi-adaptor\src\ueberzug.rs:84

  2024-06-25T22:44:05.424470Z  WARN yazi_adaptor::ueberzug: ueberzugpp spawning failed: program not found
    at yazi-adaptor\src\ueberzug.rs:84

  2024-06-25T22:44:05.583118Z  WARN yazi_adaptor::ueberzug: ueberzugpp spawning failed: program not found
    at yazi-adaptor\src\ueberzug.rs:84

  2024-06-25T22:44:05.583956Z  WARN yazi_adaptor::ueberzug: ueberzugpp spawning failed: program not found
    at yazi-adaptor\src\ueberzug.rs:84

  2024-06-25T22:44:06.035207Z  WARN yazi_adaptor::ueberzug: ueberzugpp spawning failed: program not found
    at yazi-adaptor\src\ueberzug.rs:84

  2024-06-25T22:44:06.036051Z  WARN yazi_adaptor::ueberzug: ueberzugpp spawning failed: program not found
    at yazi-adaptor\src\ueberzug.rs:84

  2024-06-25T22:44:06.650453Z  WARN yazi_adaptor::ueberzug: ueberzugpp spawning failed: program not found
    at yazi-adaptor\src\ueberzug.rs:84

  2024-06-25T22:44:06.651576Z  WARN yazi_adaptor::ueberzug: ueberzugpp spawning failed: program not found
    at yazi-adaptor\src\ueberzug.rs:84

  2024-06-25T22:44:06.854582Z  WARN yazi_adaptor::ueberzug: ueberzugpp spawning failed: program not found
    at yazi-adaptor\src\ueberzug.rs:84

  2024-06-25T22:44:06.855515Z  WARN yazi_adaptor::ueberzug: ueberzugpp spawning failed: program not found
    at yazi-adaptor\src\ueberzug.rs:84

  2024-06-25T22:44:07.009390Z  WARN yazi_adaptor::ueberzug: ueberzugpp spawning failed: program not found
    at yazi-adaptor\src\ueberzug.rs:84

  2024-06-25T22:44:07.010331Z  WARN yazi_adaptor::ueberzug: ueberzugpp spawning failed: program not found
    at yazi-adaptor\src\ueberzug.rs:84

  2024-06-25T22:44:07.169463Z  WARN yazi_adaptor::ueberzug: ueberzugpp spawning failed: program not found
    at yazi-adaptor\src\ueberzug.rs:84

  2024-06-25T22:44:07.170366Z  WARN yazi_adaptor::ueberzug: ueberzugpp spawning failed: program not found
    at yazi-adaptor\src\ueberzug.rs:84

  2024-06-25T22:44:07.407120Z  WARN yazi_adaptor::ueberzug: ueberzugpp spawning failed: program not found
    at yazi-adaptor\src\ueberzug.rs:84

  2024-06-25T22:44:07.408096Z  WARN yazi_adaptor::ueberzug: ueberzugpp spawning failed: program not found
    at yazi-adaptor\src\ueberzug.rs:84

  2024-06-25T22:44:07.635117Z  WARN yazi_adaptor::ueberzug: ueberzugpp spawning failed: program not found
    at yazi-adaptor\src\ueberzug.rs:84

  2024-06-25T22:44:07.636012Z  WARN yazi_adaptor::ueberzug: ueberzugpp spawning failed: program not found
    at yazi-adaptor\src\ueberzug.rs:84

  2024-06-25T22:44:07.802450Z  WARN yazi_adaptor::ueberzug: ueberzugpp spawning failed: program not found
    at yazi-adaptor\src\ueberzug.rs:84

  2024-06-25T22:44:36.007485Z  WARN yazi_adaptor::emulator: [Adaptor] No special environment variables detected
    at yazi-adaptor\src\emulator.rs:66

  2024-06-25T22:44:36.007515Z  WARN yazi_adaptor::emulator: [Adaptor] Unknown TERM_PROGRAM: 
    at yazi-adaptor\src\emulator.rs:80

  2024-06-25T22:44:36.007518Z  WARN yazi_adaptor::emulator: [Adaptor] Unknown TERM: 
    at yazi-adaptor\src\emulator.rs:87

  2024-06-25T22:44:36.008019Z  WARN yazi_adaptor::adaptor: [Adaptor] Could not identify XDG_SESSION_TYPE
    at yazi-adaptor\src\adaptor.rs:107

  2024-06-25T22:44:36.008053Z  WARN yazi_adaptor::adaptor: [Adaptor] Falling back to chafa
    at yazi-adaptor\src\adaptor.rs:119

  2024-06-25T22:44:36.009041Z  WARN yazi_adaptor::ueberzug: ueberzugpp spawning failed: program not found
    at yazi-adaptor\src\ueberzug.rs:84

  2024-06-25T22:44:37.797099Z  WARN yazi_adaptor::ueberzug: ueberzugpp spawning failed: program not found
    at yazi-adaptor\src\ueberzug.rs:84

  2024-06-25T22:44:38.038456Z  WARN yazi_adaptor::ueberzug: ueberzugpp spawning failed: program not found
    at yazi-adaptor\src\ueberzug.rs:84

  2024-06-25T22:44:38.039638Z  WARN yazi_adaptor::ueberzug: ueberzugpp spawning failed: program not found
    at yazi-adaptor\src\ueberzug.rs:84

  2024-06-25T22:44:39.493201Z  WARN yazi_adaptor::ueberzug: ueberzugpp spawning failed: program not found
    at yazi-adaptor\src\ueberzug.rs:84

  2024-06-25T22:44:39.494022Z  WARN yazi_adaptor::ueberzug: ueberzugpp spawning failed: program not found
    at yazi-adaptor\src\ueberzug.rs:84

  2024-06-25T22:44:40.634376Z  WARN yazi_adaptor::ueberzug: ueberzugpp spawning failed: program not found
    at yazi-adaptor\src\ueberzug.rs:84

  2024-06-25T22:44:54.518507Z  WARN yazi_adaptor::ueberzug: ueberzugpp spawning failed: program not found
    at yazi-adaptor\src\ueberzug.rs:84

  2024-06-25T22:44:54.690939Z  WARN yazi_adaptor::ueberzug: ueberzugpp spawning failed: program not found
    at yazi-adaptor\src\ueberzug.rs:84

  2024-06-25T22:44:54.691884Z  WARN yazi_adaptor::ueberzug: ueberzugpp spawning failed: program not found
    at yazi-adaptor\src\ueberzug.rs:84

  2024-06-25T22:44:56.710826Z  WARN yazi_adaptor::ueberzug: ueberzugpp spawning failed: program not found
    at yazi-adaptor\src\ueberzug.rs:84

  2024-06-25T22:44:56.712011Z  WARN yazi_adaptor::ueberzug: ueberzugpp spawning failed: program not found
    at yazi-adaptor\src\ueberzug.rs:84

  2024-06-25T22:44:57.048593Z  WARN yazi_adaptor::ueberzug: ueberzugpp spawning failed: program not found
    at yazi-adaptor\src\ueberzug.rs:84

  2024-06-25T22:44:57.049540Z  WARN yazi_adaptor::ueberzug: ueberzugpp spawning failed: program not found
    at yazi-adaptor\src\ueberzug.rs:84

  2024-06-25T22:44:59.941369Z  WARN yazi_adaptor::ueberzug: ueberzugpp spawning failed: program not found
    at yazi-adaptor\src\ueberzug.rs:84

  2024-06-25T22:44:59.942444Z  WARN yazi_adaptor::ueberzug: ueberzugpp spawning failed: program not found
    at yazi-adaptor\src\ueberzug.rs:84

  2024-06-25T22:45:00.657043Z  WARN yazi_adaptor::ueberzug: ueberzugpp spawning failed: program not found
    at yazi-adaptor\src\ueberzug.rs:84

  2024-06-25T22:45:00.657947Z  WARN yazi_adaptor::ueberzug: ueberzugpp spawning failed: program not found
    at yazi-adaptor\src\ueberzug.rs:84

  2024-06-25T22:45:01.441989Z  WARN yazi_adaptor::ueberzug: ueberzugpp spawning failed: program not found
    at yazi-adaptor\src\ueberzug.rs:84

  2024-06-25T22:45:01.442937Z  WARN yazi_adaptor::ueberzug: ueberzugpp spawning failed: program not found
    at yazi-adaptor\src\ueberzug.rs:84

  2024-06-25T22:45:02.483956Z  WARN yazi_adaptor::ueberzug: ueberzugpp spawning failed: program not found
    at yazi-adaptor\src\ueberzug.rs:84

  2024-06-25T22:45:02.484913Z  WARN yazi_adaptor::ueberzug: ueberzugpp spawning failed: program not found
    at yazi-adaptor\src\ueberzug.rs:84

  2024-06-25T22:45:03.606946Z  WARN yazi_adaptor::ueberzug: ueberzugpp spawning failed: program not found
    at yazi-adaptor\src\ueberzug.rs:84

  2024-06-25T22:45:03.608048Z  WARN yazi_adaptor::ueberzug: ueberzugpp spawning failed: program not found
    at yazi-adaptor\src\ueberzug.rs:84

  2024-06-25T22:45:03.902224Z  WARN yazi_adaptor::ueberzug: ueberzugpp spawning failed: program not found
    at yazi-adaptor\src\ueberzug.rs:84

  2024-06-25T22:45:03.903117Z  WARN yazi_adaptor::ueberzug: ueberzugpp spawning failed: program not found
    at yazi-adaptor\src\ueberzug.rs:84

  2024-06-25T22:45:04.111946Z  WARN yazi_adaptor::ueberzug: ueberzugpp spawning failed: program not found
    at yazi-adaptor\src\ueberzug.rs:84

  2024-06-25T22:45:04.112915Z  WARN yazi_adaptor::ueberzug: ueberzugpp spawning failed: program not found
    at yazi-adaptor\src\ueberzug.rs:84

  2024-06-25T22:45:04.509251Z  WARN yazi_adaptor::ueberzug: ueberzugpp spawning failed: program not found
    at yazi-adaptor\src\ueberzug.rs:84

  2024-06-25T22:45:04.510305Z  WARN yazi_adaptor::ueberzug: ueberzugpp spawning failed: program not found
    at yazi-adaptor\src\ueberzug.rs:84

  2024-06-25T22:45:04.918983Z  WARN yazi_adaptor::ueberzug: ueberzugpp spawning failed: program not found
    at yazi-adaptor\src\ueberzug.rs:84

  2024-06-25T22:45:04.920009Z  WARN yazi_adaptor::ueberzug: ueberzugpp spawning failed: program not found
    at yazi-adaptor\src\ueberzug.rs:84

  2024-06-25T22:45:05.096742Z  WARN yazi_adaptor::ueberzug: ueberzugpp spawning failed: program not found
    at yazi-adaptor\src\ueberzug.rs:84

  2024-06-25T22:45:05.097818Z  WARN yazi_adaptor::ueberzug: ueberzugpp spawning failed: program not found
    at yazi-adaptor\src\ueberzug.rs:84

  2024-06-25T22:45:08.154458Z  WARN yazi_adaptor::ueberzug: ueberzugpp spawning failed: program not found
    at yazi-adaptor\src\ueberzug.rs:84

  2024-06-25T22:45:08.155464Z  WARN yazi_adaptor::ueberzug: ueberzugpp spawning failed: program not found
    at yazi-adaptor\src\ueberzug.rs:84

  2024-06-25T22:45:08.750976Z  WARN yazi_adaptor::ueberzug: ueberzugpp spawning failed: program not found
    at yazi-adaptor\src\ueberzug.rs:84

  2024-06-25T22:45:08.751767Z  WARN yazi_adaptor::ueberzug: ueberzugpp spawning failed: program not found
    at yazi-adaptor\src\ueberzug.rs:84

  2024-06-25T22:45:10.717067Z  WARN yazi_adaptor::ueberzug: ueberzugpp spawning failed: program not found
    at yazi-adaptor\src\ueberzug.rs:84

  2024-06-25T22:45:11.469883Z  WARN yazi_adaptor::ueberzug: ueberzugpp spawning failed: program not found
    at yazi-adaptor\src\ueberzug.rs:84

  2024-06-25T22:45:11.784509Z  WARN yazi_adaptor::ueberzug: ueberzugpp spawning failed: program not found
    at yazi-adaptor\src\ueberzug.rs:84

  2024-06-25T22:45:15.171375Z  WARN yazi_adaptor::ueberzug: ueberzugpp spawning failed: program not found
    at yazi-adaptor\src\ueberzug.rs:84

  2024-06-25T22:45:17.423935Z  WARN yazi_adaptor::ueberzug: ueberzugpp spawning failed: program not found
    at yazi-adaptor\src\ueberzug.rs:84

  2024-06-25T22:45:18.057036Z  WARN yazi_adaptor::ueberzug: ueberzugpp spawning failed: program not found
    at yazi-adaptor\src\ueberzug.rs:84

  2024-06-25T22:45:19.533958Z  WARN yazi_adaptor::ueberzug: ueberzugpp spawning failed: program not found
    at yazi-adaptor\src\ueberzug.rs:84

  2024-06-25T22:45:27.353825Z  WARN yazi_adaptor::emulator: [Adaptor] No special environment variables detected
    at yazi-adaptor\src\emulator.rs:66

  2024-06-25T22:45:27.353840Z  WARN yazi_adaptor::emulator: [Adaptor] Unknown TERM_PROGRAM: 
    at yazi-adaptor\src\emulator.rs:80

  2024-06-25T22:45:27.353841Z  WARN yazi_adaptor::emulator: [Adaptor] Unknown TERM: 
    at yazi-adaptor\src\emulator.rs:87

  2024-06-25T22:45:27.354297Z  WARN yazi_adaptor::adaptor: [Adaptor] Could not identify XDG_SESSION_TYPE
    at yazi-adaptor\src\adaptor.rs:107

  2024-06-25T22:45:27.354324Z  WARN yazi_adaptor::adaptor: [Adaptor] Falling back to chafa
    at yazi-adaptor\src\adaptor.rs:119

  2024-06-25T22:45:27.355322Z  WARN yazi_adaptor::ueberzug: ueberzugpp spawning failed: program not found
    at yazi-adaptor\src\ueberzug.rs:84

  2024-06-25T22:45:38.484486Z  WARN yazi_adaptor::ueberzug: ueberzugpp spawning failed: program not found
    at yazi-adaptor\src\ueberzug.rs:84

  2024-06-25T22:45:38.656673Z  WARN yazi_adaptor::ueberzug: ueberzugpp spawning failed: program not found
    at yazi-adaptor\src\ueberzug.rs:84

  2024-06-25T22:45:38.657601Z  WARN yazi_adaptor::ueberzug: ueberzugpp spawning failed: program not found
    at yazi-adaptor\src\ueberzug.rs:84

  2024-06-25T22:45:38.812078Z  WARN yazi_adaptor::ueberzug: ueberzugpp spawning failed: program not found
    at yazi-adaptor\src\ueberzug.rs:84

  2024-06-25T22:45:38.812918Z  WARN yazi_adaptor::ueberzug: ueberzugpp spawning failed: program not found
    at yazi-adaptor\src\ueberzug.rs:84

  2024-06-25T22:45:38.948939Z  WARN yazi_adaptor::ueberzug: ueberzugpp spawning failed: program not found
    at yazi-adaptor\src\ueberzug.rs:84

  2024-06-25T22:45:38.949862Z  WARN yazi_adaptor::ueberzug: ueberzugpp spawning failed: program not found
    at yazi-adaptor\src\ueberzug.rs:84

  2024-06-25T22:45:39.414458Z  WARN yazi_adaptor::ueberzug: ueberzugpp spawning failed: program not found
    at yazi-adaptor\src\ueberzug.rs:84

  2024-06-25T22:45:39.415461Z  WARN yazi_adaptor::ueberzug: ueberzugpp spawning failed: program not found
    at yazi-adaptor\src\ueberzug.rs:84

  2024-06-25T22:45:41.100174Z  WARN yazi_adaptor::ueberzug: ueberzugpp spawning failed: program not found
    at yazi-adaptor\src\ueberzug.rs:84

  2024-06-25T22:45:41.101133Z  WARN yazi_adaptor::ueberzug: ueberzugpp spawning failed: program not found
    at yazi-adaptor\src\ueberzug.rs:84

  2024-06-25T22:45:41.568887Z  WARN yazi_adaptor::ueberzug: ueberzugpp spawning failed: program not found
    at yazi-adaptor\src\ueberzug.rs:84

  2024-06-25T22:45:41.569694Z  WARN yazi_adaptor::ueberzug: ueberzugpp spawning failed: program not found
    at yazi-adaptor\src\ueberzug.rs:84

  2024-06-25T22:45:41.775026Z  WARN yazi_adaptor::ueberzug: ueberzugpp spawning failed: program not found
    at yazi-adaptor\src\ueberzug.rs:84

  2024-06-25T22:45:41.776309Z  WARN yazi_adaptor::ueberzug: ueberzugpp spawning failed: program not found
    at yazi-adaptor\src\ueberzug.rs:84

  2024-06-25T22:45:42.772878Z  WARN yazi_adaptor::ueberzug: ueberzugpp spawning failed: program not found
    at yazi-adaptor\src\ueberzug.rs:84

  2024-06-25T22:45:42.774246Z  WARN yazi_adaptor::ueberzug: ueberzugpp spawning failed: program not found
    at yazi-adaptor\src\ueberzug.rs:84

  2024-06-25T22:45:43.015219Z  WARN yazi_adaptor::ueberzug: ueberzugpp spawning failed: program not found
    at yazi-adaptor\src\ueberzug.rs:84

  2024-06-25T22:45:43.016361Z  WARN yazi_adaptor::ueberzug: ueberzugpp spawning failed: program not found
    at yazi-adaptor\src\ueberzug.rs:84

  2024-06-25T22:45:43.683839Z  WARN yazi_adaptor::ueberzug: ueberzugpp spawning failed: program not found
    at yazi-adaptor\src\ueberzug.rs:84

  2024-06-25T22:45:43.684753Z  WARN yazi_adaptor::ueberzug: ueberzugpp spawning failed: program not found
    at yazi-adaptor\src\ueberzug.rs:84

  2024-06-25T22:45:44.335811Z  WARN yazi_adaptor::ueberzug: ueberzugpp spawning failed: program not found
    at yazi-adaptor\src\ueberzug.rs:84

  2024-06-25T22:45:44.336747Z  WARN yazi_adaptor::ueberzug: ueberzugpp spawning failed: program not found
    at yazi-adaptor\src\ueberzug.rs:84

  2024-06-25T22:45:44.909996Z  WARN yazi_adaptor::ueberzug: ueberzugpp spawning failed: program not found
    at yazi-adaptor\src\ueberzug.rs:84

  2024-06-25T22:45:44.910926Z  WARN yazi_adaptor::ueberzug: ueberzugpp spawning failed: program not found
    at yazi-adaptor\src\ueberzug.rs:84

  2024-06-25T22:45:45.215134Z  WARN yazi_adaptor::ueberzug: ueberzugpp spawning failed: program not found
    at yazi-adaptor\src\ueberzug.rs:84

  2024-06-25T22:45:54.622271Z  WARN yazi_adaptor::ueberzug: ueberzugpp spawning failed: program not found
    at yazi-adaptor\src\ueberzug.rs:84

  2024-06-25T22:45:54.802958Z  WARN yazi_adaptor::ueberzug: ueberzugpp spawning failed: program not found
    at yazi-adaptor\src\ueberzug.rs:84

  2024-06-25T22:45:54.803888Z  WARN yazi_adaptor::ueberzug: ueberzugpp spawning failed: program not found
    at yazi-adaptor\src\ueberzug.rs:84

  2024-06-25T22:46:03.116603Z  WARN yazi_adaptor::ueberzug: ueberzugpp spawning failed: program not found
    at yazi-adaptor\src\ueberzug.rs:84

  2024-06-25T22:46:03.119791Z  WARN yazi_adaptor::ueberzug: ueberzugpp spawning failed: program not found
    at yazi-adaptor\src\ueberzug.rs:84

  2024-06-25T22:46:06.592748Z  WARN yazi_adaptor::ueberzug: ueberzugpp spawning failed: program not found
    at yazi-adaptor\src\ueberzug.rs:84

  2024-06-25T22:46:06.595434Z  WARN yazi_adaptor::ueberzug: ueberzugpp spawning failed: program not found
    at yazi-adaptor\src\ueberzug.rs:84

  2024-06-25T22:47:59.481461Z  WARN yazi_adaptor::ueberzug: ueberzugpp spawning failed: program not found
    at yazi-adaptor\src\ueberzug.rs:84

  2024-06-25T22:47:59.482404Z  WARN yazi_adaptor::ueberzug: ueberzugpp spawning failed: program not found
    at yazi-adaptor\src\ueberzug.rs:84

  2024-06-25T22:48:01.847346Z  WARN yazi_adaptor::ueberzug: ueberzugpp spawning failed: program not found
    at yazi-adaptor\src\ueberzug.rs:84

  2024-06-25T22:48:06.626397Z ERROR yazi_scheduler::preload::preload: Preload task `mime` returned 2
    at yazi-scheduler\src\preload\preload.rs:42

  2024-06-25T22:48:09.652166Z ERROR yazi_scheduler::preload::preload: Preload task `mime` returned 2
    at yazi-scheduler\src\preload\preload.rs:42

  2024-06-25T22:48:11.799708Z ERROR yazi_scheduler::preload::preload: Preload task `mime` returned 2
    at yazi-scheduler\src\preload\preload.rs:42

  2024-06-25T22:48:53.439176Z ERROR yazi_scheduler::preload::preload: Preload task `image` returned 2
    at yazi-scheduler\src\preload\preload.rs:42

  2024-06-25T22:48:53.439192Z ERROR yazi_scheduler::preload::preload: Preload task `image` returned 2
    at yazi-scheduler\src\preload\preload.rs:42

  2024-06-25T22:48:53.439196Z ERROR yazi_scheduler::preload::preload: Preload task `image` returned 2
    at yazi-scheduler\src\preload\preload.rs:42

  2024-06-25T22:48:53.439259Z ERROR yazi_scheduler::preload::preload: Preload task `image` returned 2
    at yazi-scheduler\src\preload\preload.rs:42

  2024-06-25T22:48:53.439255Z ERROR yazi_scheduler::preload::preload: Preload task `image` returned 2
    at yazi-scheduler\src\preload\preload.rs:42

  2024-06-25T22:48:53.439283Z ERROR yazi_scheduler::preload::preload: Preload task `image` returned 2
    at yazi-scheduler\src\preload\preload.rs:42

  2024-06-25T22:48:54.127562Z  WARN yazi_adaptor::ueberzug: ueberzugpp spawning failed: program not found
    at yazi-adaptor\src\ueberzug.rs:84

  2024-06-25T22:48:54.446056Z  WARN yazi_adaptor::ueberzug: ueberzugpp spawning failed: program not found
    at yazi-adaptor\src\ueberzug.rs:84

  2024-06-25T22:48:54.708744Z ERROR yazi_scheduler::preload::preload: Preload task `image` returned 2
    at yazi-scheduler\src\preload\preload.rs:42

  2024-06-25T22:48:54.708758Z ERROR yazi_scheduler::preload::preload: Preload task `image` returned 2
    at yazi-scheduler\src\preload\preload.rs:42

  2024-06-25T22:48:54.708761Z ERROR yazi_scheduler::preload::preload: Preload task `image` returned 2
    at yazi-scheduler\src\preload\preload.rs:42

  2024-06-25T22:48:54.708797Z ERROR yazi_scheduler::preload::preload: Preload task `image` returned 2
    at yazi-scheduler\src\preload\preload.rs:42

  2024-06-25T22:48:54.708806Z ERROR yazi_scheduler::preload::preload: Preload task `image` returned 2
    at yazi-scheduler\src\preload\preload.rs:42

  2024-06-25T22:48:54.708918Z ERROR yazi_scheduler::preload::preload: Preload task `image` returned 2
    at yazi-scheduler\src\preload\preload.rs:42

  2024-06-25T22:48:54.709151Z ERROR yazi_scheduler::preload::preload: Preload task `image` returned 2
    at yazi-scheduler\src\preload\preload.rs:42

  2024-06-25T22:48:54.710265Z  WARN yazi_adaptor::ueberzug: ueberzugpp spawning failed: program not found
    at yazi-adaptor\src\ueberzug.rs:84

  2024-06-25T22:48:55.030981Z ERROR yazi_scheduler::preload::preload: Preload task `image` returned 2
    at yazi-scheduler\src\preload\preload.rs:42

  2024-06-25T22:48:55.030997Z ERROR yazi_scheduler::preload::preload: Preload task `image` returned 2
    at yazi-scheduler\src\preload\preload.rs:42

  2024-06-25T22:48:55.031004Z ERROR yazi_scheduler::preload::preload: Preload task `image` returned 2
    at yazi-scheduler\src\preload\preload.rs:42

  2024-06-25T22:48:55.031146Z ERROR yazi_scheduler::preload::preload: Preload task `image` returned 2
    at yazi-scheduler\src\preload\preload.rs:42

  2024-06-25T22:48:55.031180Z ERROR yazi_scheduler::preload::preload: Preload task `image` returned 2
    at yazi-scheduler\src\preload\preload.rs:42

  2024-06-25T22:48:55.031328Z ERROR yazi_scheduler::preload::preload: Preload task `image` returned 2
    at yazi-scheduler\src\preload\preload.rs:42

  2024-06-25T22:48:55.031786Z  WARN yazi_adaptor::ueberzug: ueberzugpp spawning failed: program not found
    at yazi-adaptor\src\ueberzug.rs:84

  2024-06-25T22:49:13.871605Z  WARN yazi_adaptor::emulator: [Adaptor] No special environment variables detected
    at yazi-adaptor\src\emulator.rs:66

  2024-06-25T22:49:13.871636Z  WARN yazi_adaptor::emulator: [Adaptor] Unknown TERM_PROGRAM: 
    at yazi-adaptor\src\emulator.rs:80

  2024-06-25T22:49:13.871639Z  WARN yazi_adaptor::emulator: [Adaptor] Unknown TERM: 
    at yazi-adaptor\src\emulator.rs:87

  2024-06-25T22:49:13.872047Z  WARN yazi_adaptor::adaptor: [Adaptor] Could not identify XDG_SESSION_TYPE
    at yazi-adaptor\src\adaptor.rs:107

  2024-06-25T22:49:13.872076Z  WARN yazi_adaptor::adaptor: [Adaptor] Falling back to chafa
    at yazi-adaptor\src\adaptor.rs:119

  2024-06-25T22:49:13.873086Z  WARN yazi_adaptor::ueberzug: ueberzugpp spawning failed: program not found
    at yazi-adaptor\src\ueberzug.rs:84

  2024-06-25T22:49:15.802726Z ERROR yazi_scheduler::preload::preload: Preload task `image` returned 2
    at yazi-scheduler\src\preload\preload.rs:42

  2024-06-25T22:49:15.802727Z ERROR yazi_scheduler::preload::preload: Preload task `image` returned 2
    at yazi-scheduler\src\preload\preload.rs:42

  2024-06-25T22:49:15.802808Z ERROR yazi_scheduler::preload::preload: Preload task `image` returned 2
    at yazi-scheduler\src\preload\preload.rs:42

  2024-06-25T22:49:15.802842Z ERROR yazi_scheduler::preload::preload: Preload task `image` returned 2
    at yazi-scheduler\src\preload\preload.rs:42

  2024-06-25T22:49:15.802906Z ERROR yazi_scheduler::preload::preload: Preload task `image` returned 2
    at yazi-scheduler\src\preload\preload.rs:42

  2024-06-25T22:49:15.802912Z ERROR yazi_scheduler::preload::preload: Preload task `image` returned 2
    at yazi-scheduler\src\preload\preload.rs:42

  2024-06-25T22:49:16.466811Z  WARN yazi_adaptor::ueberzug: ueberzugpp spawning failed: program not found
    at yazi-adaptor\src\ueberzug.rs:84

  2024-06-25T22:49:16.643828Z  WARN yazi_adaptor::ueberzug: ueberzugpp spawning failed: program not found
    at yazi-adaptor\src\ueberzug.rs:84

  2024-06-25T22:49:16.644804Z  WARN yazi_adaptor::ueberzug: ueberzugpp spawning failed: program not found
    at yazi-adaptor\src\ueberzug.rs:84

  2024-06-26T00:00:43.365688Z ERROR yazi_scheduler::preload::preload: Preload task `image` returned 2
    at yazi-scheduler\src\preload\preload.rs:42

  2024-06-26T00:00:43.365688Z ERROR yazi_scheduler::preload::preload: Preload task `image` returned 2
    at yazi-scheduler\src\preload\preload.rs:42

  2024-06-26T00:00:43.366199Z ERROR yazi_plugin::utils::log: "spawn `ffmpegthumbnailer` command returns nil"
    at yazi-plugin\src\utils\log.rs:20

  2024-06-26T00:00:43.366200Z ERROR yazi_plugin::utils::log: "spawn `ffmpegthumbnailer` command returns nil"
    at yazi-plugin\src\utils\log.rs:20

  2024-06-26T00:00:43.366284Z ERROR yazi_scheduler::preload::preload: Preload task `video` returned 0
    at yazi-scheduler\src\preload\preload.rs:42

  2024-06-26T00:00:43.366311Z ERROR yazi_scheduler::preload::preload: Preload task `video` returned 0
    at yazi-scheduler\src\preload\preload.rs:42

  2024-06-26T00:00:49.482371Z ERROR yazi_plugin::utils::log: "spawn `ffmpegthumbnailer` command returns nil"
    at yazi-plugin\src\utils\log.rs:20

  2024-06-26T00:00:50.717573Z ERROR yazi_plugin::utils::log: "spawn `ffmpegthumbnailer` command returns nil"
    at yazi-plugin\src\utils\log.rs:20

  2024-06-26T00:00:51.939708Z ERROR yazi_plugin::utils::log: "spawn `ffmpegthumbnailer` command returns nil"
    at yazi-plugin\src\utils\log.rs:20

  2024-06-26T00:00:52.608901Z ERROR yazi_plugin::utils::log: "spawn `ffmpegthumbnailer` command returns nil"
    at yazi-plugin\src\utils\log.rs:20

  2024-06-26T00:00:52.823143Z ERROR yazi_plugin::utils::log: "spawn `ffmpegthumbnailer` command returns nil"
    at yazi-plugin\src\utils\log.rs:20

  2024-06-26T00:01:02.691150Z ERROR yazi_plugin::utils::log: "spawn `ffmpegthumbnailer` command returns nil"
    at yazi-plugin\src\utils\log.rs:20

  2024-06-26T00:01:03.169853Z ERROR yazi_plugin::utils::log: "spawn `ffmpegthumbnailer` command returns nil"
    at yazi-plugin\src\utils\log.rs:20

  2024-06-26T00:01:04.078053Z ERROR yazi_plugin::utils::log: "spawn `ffmpegthumbnailer` command returns nil"
    at yazi-plugin\src\utils\log.rs:20

  2024-06-26T00:01:05.797793Z ERROR yazi_scheduler::preload::preload: Preload task `image` returned 2
    at yazi-scheduler\src\preload\preload.rs:42

  2024-06-26T00:01:05.798155Z ERROR yazi_scheduler::preload::preload: Preload task `image` returned 2
    at yazi-scheduler\src\preload\preload.rs:42

  2024-06-26T00:01:05.799036Z ERROR yazi_plugin::utils::log: "spawn `ffmpegthumbnailer` command returns nil"
    at yazi-plugin\src\utils\log.rs:20

  2024-06-26T00:01:05.800843Z ERROR yazi_plugin::utils::log: "spawn `ffmpegthumbnailer` command returns nil"
    at yazi-plugin\src\utils\log.rs:20

  2024-06-26T00:18:58.235109Z ERROR yazi_scheduler::preload::preload: Preload task `mime` returned 2
    at yazi-scheduler\src\preload\preload.rs:42

  2024-06-26T00:29:56.543760Z ERROR yazi_scheduler::preload::preload: Preload task `mime` returned 2
    at yazi-scheduler\src\preload\preload.rs:42

  2024-06-26T00:30:23.640532Z ERROR yazi_scheduler::preload::preload: Preload task `mime` returned 2
    at yazi-scheduler\src\preload\preload.rs:42

  2024-06-26T00:42:12.361709Z ERROR yazi_scheduler::preload::preload: Preload task `mime` returned 2
    at yazi-scheduler\src\preload\preload.rs:42

  2024-06-26T00:56:08.312362Z ERROR yazi_scheduler::preload::preload: Preload task `mime` returned 2
    at yazi-scheduler\src\preload\preload.rs:42

  2024-06-26T01:16:34.562187Z ERROR yazi_scheduler::preload::preload: Preload task `mime` returned 2
    at yazi-scheduler\src\preload\preload.rs:42

  2024-06-26T01:19:47.902007Z  WARN yazi_adaptor::adaptor: [Adaptor] Could not identify XDG_SESSION_TYPE
    at yazi-adaptor\src\adaptor.rs:107

  2024-06-26T01:19:47.902062Z  WARN yazi_adaptor::adaptor: [Adaptor] Falling back to chafa
    at yazi-adaptor\src\adaptor.rs:119

  2024-06-26T01:19:47.903158Z  WARN yazi_adaptor::ueberzug: ueberzugpp spawning failed: program not found
    at yazi-adaptor\src\ueberzug.rs:84

  2024-06-26T01:21:54.387715Z  WARN yazi_adaptor::adaptor: [Adaptor] Could not identify XDG_SESSION_TYPE
    at yazi-adaptor\src\adaptor.rs:107

  2024-06-26T01:21:54.387768Z  WARN yazi_adaptor::adaptor: [Adaptor] Falling back to chafa
    at yazi-adaptor\src\adaptor.rs:119

  2024-06-26T01:21:54.388895Z  WARN yazi_adaptor::ueberzug: ueberzugpp spawning failed: program not found
    at yazi-adaptor\src\ueberzug.rs:84

  2024-06-26T01:22:11.060001Z  WARN yazi_adaptor::adaptor: [Adaptor] Could not identify XDG_SESSION_TYPE
    at yazi-adaptor\src\adaptor.rs:107

  2024-06-26T01:22:11.060055Z  WARN yazi_adaptor::adaptor: [Adaptor] Falling back to chafa
    at yazi-adaptor\src\adaptor.rs:119

  2024-06-26T01:22:11.061139Z  WARN yazi_adaptor::ueberzug: ueberzugpp spawning failed: program not found
    at yazi-adaptor\src\ueberzug.rs:84

  2024-06-26T01:22:43.031194Z ERROR yazi_scheduler::preload::preload: Preload task `mime` returned 2
    at yazi-scheduler\src\preload\preload.rs:42

  2024-06-26T01:37:45.401251Z ERROR yazi_scheduler::preload::preload: Preload task `mime` returned 2
    at yazi-scheduler\src\preload\preload.rs:42

  2024-06-26T01:39:54.309822Z ERROR yazi_scheduler::preload::preload: Preload task `mime` returned 2
    at yazi-scheduler\src\preload\preload.rs:42

  2024-06-26T02:04:11.203292Z ERROR yazi_scheduler::preload::preload: Preload task `mime` returned 2
    at yazi-scheduler\src\preload\preload.rs:42

  2024-06-26T02:04:19.433659Z ERROR yazi_scheduler::preload::preload: Preload task `mime` returned 2
    at yazi-scheduler\src\preload\preload.rs:42

